<?xml version="1.0" encoding="UTF-8"?>
<testsuite xmlns:xsi="http://www.w3.org/2001/XMLSchema-instance" xsi:noNamespaceSchemaLocation="https://maven.apache.org/surefire/maven-surefire-plugin/xsd/surefire-test-report-3.0.xsd" version="3.0" name="com.example.kakeibo.KakeiboBackendApplicationTests" time="1.797" tests="1" errors="0" skipped="0" failures="0">
  <properties>
[...]
</properties>
  <testcase name="contextLoads" classname="com.example.kakeibo.KakeiboBackendApplicationTests" time="0.589">
    <system-out><![CDATA[14:52:52.077 [main] INFO org.springframework.test.context.support.AnnotationConfigContextLoaderUtils -- Could not detect default configuration classes for test class [com.example.kakeibo.KakeiboBackendApplicationTests]: KakeiboBackendApplicationTests does not declare any static, non-private, non-final, nested classes annotated with @Configuration.
14:52:52.140 [main] INFO org.springframework.boot.test.context.SpringBootTestContextBootstrapper -- Found @SpringBootConfiguration com.example.kakeibo.KakeiboBackendApplication for test class com.example.kakeibo.KakeiboBackendApplicationTests
  .   ____          _            __ _ _
 /\\ / ___'_ __ _ _(_)_ __  __ _ \ \ \ \
( ( )\___ | '_ | '_| | '_ \/ _` | \ \ \ \
 \\/  ___)| |_)| | | | | || (_| |  ) ) ) )
  '  |____| .__|_| |_|_| |_\__, | / / / /
 =========|_|==============|___/=/_/_/_/

 :: Spring Boot ::                (v3.3.0)

2024-06-20T14:52:52.387+09:00  INFO 76236 --- [kakeiboBackend] [           main] c.e.k.KakeiboBackendApplicationTests     : Starting KakeiboBackendApplicationTests using Java 17.0.10 with PID 76236 (started by tatsuya in /Users/tatsuya/Desktop/develop/kakeibo-backend)
2024-06-20T14:52:52.388+09:00  INFO 76236 --- [kakeiboBackend] [           main] c.e.k.KakeiboBackendApplicationTests     : No active profile set, falling back to 1 default profile: "default"
2024-06-20T14:52:53.155+09:00  INFO 76236 --- [kakeiboBackend] [           main] c.e.k.KakeiboBackendApplicationTests     : Started KakeiboBackendApplicationTests in 0.926 seconds (process running for 1.52)
]]></system-out>
  </testcase>
</testsuite>